<?xml version="1.0" encoding="UTF-8"?>
<!-- Generated by org.testng.reporters.JUnitXMLReporter -->
<testsuite ignored="2" hostname="INMFQAROMI" failures="0" tests="1" name="Regression" time="41.312" errors="0" timestamp="2023-02-12T01:57:37 IST">
  <testcase classname="com.yatra.yatrapagetest.Searchflightpagetest" name="checking" time="11.657"/>
  <testcase classname="com.yatra.base.BaseClass" name="@BeforeSuite loadConfig" time="0.0">
    <ignored/>
  </testcase> <!-- @BeforeSuite loadConfig -->
  <testcase classname="com.yatra.yatrapagetest.IndexPageTest" name="indexPagetest" time="0.0">
    <ignored/>
  </testcase> <!-- indexPagetest -->
</testsuite> <!-- Regression -->
