<?xml version="1.0" encoding="UTF-8"?>
<!-- Generated by org.testng.reporters.JUnitXMLReporter -->
<testsuite ignored="1" hostname="INMFQAROMI" failures="0" tests="3" name="Smoke" time="87.104" errors="0" timestamp="2023-02-12T01:38:37 IST">
  <testcase classname="com.yatra.yatrapagetest.IndexPageTest" name="indexPagetest" time="17.959"/>
  <testcase classname="com.yatra.yatrapagetest.IndexPageTest" name="indexPagetest" time="18.151"/>
  <testcase classname="com.yatra.yatrapagetest.Searchflightpagetest" name="checking" time="10.752"/>
  <testcase classname="com.yatra.base.BaseClass" name="@BeforeSuite loadConfig" time="0.0">
    <ignored/>
  </testcase> <!-- @BeforeSuite loadConfig -->
</testsuite> <!-- Smoke -->
