<?xml version="1.0" encoding="UTF-8"?>
<!-- Generated by org.testng.reporters.JUnitXMLReporter -->
<testsuite ignored="1" hostname="INMFQAROMI" failures="1" tests="3" name="Test" time="120.122" errors="0" timestamp="2023-02-12T01:23:08 IST">
  <testcase classname="com.yatra.yatrapagetest.IndexPageTest" name="indexPagetest" time="18.094"/>
  <testcase classname="com.yatra.yatrapagetest.IndexPageTest" name="indexPagetest" time="15.907">
    <failure type="org.openqa.selenium.ElementClickInterceptedException" message="Element &amp;lt;td id=&amp;quot;14/05/2023&amp;quot; class=&amp;quot; weekend&amp;quot;&amp;gt; is not clickable at point (136,727) because another element &amp;lt;iframe id=&amp;quot;webpush-onsite&amp;quot; name=&amp;quot;webpush-onsite&amp;quot;&amp;gt; obscures it
Build info: version: &amp;apos;4.8.0&amp;apos;, revision: &amp;apos;267030adea&amp;apos;
System info: os.name: &amp;apos;Windows 11&amp;apos;, os.arch: &amp;apos;amd64&amp;apos;, os.version: &amp;apos;10.0&amp;apos;, java.version: &amp;apos;19.0.1&amp;apos;
Driver info: org.openqa.selenium.firefox.FirefoxDriver
Command: [f8edcdc9-34ab-4528-abea-8cfa9b46f523, clickElement {id=aa8a4b51-c1ce-45ab-835e-dfd2c970f66b}]
Capabilities {acceptInsecureCerts: true, browserName: firefox, browserVersion: 109.0.1, moz:accessibilityChecks: false, moz:buildID: 20230127170202, moz:debuggerAddress: 127.0.0.1:46253, moz:geckodriverVersion: 0.32.0, moz:headless: false, moz:platformVersion: 10.0, moz:processID: 27264, moz:profile: C:\Users\Admin\AppData\Loca..., moz:shutdownTimeout: 60000, moz:useNonSpecCompliantPointerOrigin: false, moz:webdriverClick: true, moz:windowless: false, pageLoadStrategy: normal, platformName: WINDOWS, proxy: Proxy(), se:cdp: ws://127.0.0.1:46253/devtoo..., se:cdpVersion: 85.0, setWindowRect: true, strictFileInteractability: false, timeouts: {implicit: 0, pageLoad: 300000, script: 30000}, unhandledPromptBehavior: dismiss and notify}
Element: [[FirefoxDriver: firefox on WINDOWS (f8edcdc9-34ab-4528-abea-8cfa9b46f523)] -&amp;gt; xpath: //div[@id=&amp;apos;monthWrapper&amp;apos;]//tbody[@class=&amp;apos;BE_flight_origin_date&amp;apos;]//td[@class!=&amp;apos;inActiveTD&amp;apos;]]
Session ID: f8edcdc9-34ab-4528-abea-8cfa9b46f523">
      <![CDATA[org.openqa.selenium.ElementClickInterceptedException: Element <td id="14/05/2023" class=" weekend"> is not clickable at point (136,727) because another element <iframe id="webpush-onsite" name="webpush-onsite"> obscures it
Build info: version: '4.8.0', revision: '267030adea'
System info: os.name: 'Windows 11', os.arch: 'amd64', os.version: '10.0', java.version: '19.0.1'
Driver info: org.openqa.selenium.firefox.FirefoxDriver
Command: [f8edcdc9-34ab-4528-abea-8cfa9b46f523, clickElement {id=aa8a4b51-c1ce-45ab-835e-dfd2c970f66b}]
Capabilities {acceptInsecureCerts: true, browserName: firefox, browserVersion: 109.0.1, moz:accessibilityChecks: false, moz:buildID: 20230127170202, moz:debuggerAddress: 127.0.0.1:46253, moz:geckodriverVersion: 0.32.0, moz:headless: false, moz:platformVersion: 10.0, moz:processID: 27264, moz:profile: C:\Users\Admin\AppData\Loca..., moz:shutdownTimeout: 60000, moz:useNonSpecCompliantPointerOrigin: false, moz:webdriverClick: true, moz:windowless: false, pageLoadStrategy: normal, platformName: WINDOWS, proxy: Proxy(), se:cdp: ws://127.0.0.1:46253/devtoo..., se:cdpVersion: 85.0, setWindowRect: true, strictFileInteractability: false, timeouts: {implicit: 0, pageLoad: 300000, script: 30000}, unhandledPromptBehavior: dismiss and notify}
Element: [[FirefoxDriver: firefox on WINDOWS (f8edcdc9-34ab-4528-abea-8cfa9b46f523)] -> xpath: //div[@id='monthWrapper']//tbody[@class='BE_flight_origin_date']//td[@class!='inActiveTD']]
Session ID: f8edcdc9-34ab-4528-abea-8cfa9b46f523
at org.openqa.selenium.remote.codec.w3c.W3CHttpResponseCodec.createException(W3CHttpResponseCodec.java:200)
at org.openqa.selenium.remote.codec.w3c.W3CHttpResponseCodec.decode(W3CHttpResponseCodec.java:133)
at org.openqa.selenium.remote.codec.w3c.W3CHttpResponseCodec.decode(W3CHttpResponseCodec.java:53)
at org.openqa.selenium.remote.HttpCommandExecutor.execute(HttpCommandExecutor.java:184)
at org.openqa.selenium.remote.service.DriverCommandExecutor.invokeExecute(DriverCommandExecutor.java:167)
at org.openqa.selenium.remote.service.DriverCommandExecutor.execute(DriverCommandExecutor.java:142)
at org.openqa.selenium.remote.RemoteWebDriver.execute(RemoteWebDriver.java:543)
at org.openqa.selenium.remote.RemoteWebElement.execute(RemoteWebElement.java:257)
at org.openqa.selenium.remote.RemoteWebElement.click(RemoteWebElement.java:78)
at com.yatra.PageObjects.IndexPage.searchTicket(IndexPage.java:68)
at com.yatra.yatrapagetest.IndexPageTest.indexPagetest(IndexPageTest.java:30)
at java.base/java.util.ArrayList.forEach(ArrayList.java:1511)
... Removed 28 stack frames]]>
    </failure>
  </testcase> <!-- indexPagetest -->
  <testcase classname="com.yatra.yatrapagetest.Searchflightpagetest" name="checking" time="16.112"/>
  <testcase classname="com.yatra.base.BaseClass" name="@BeforeSuite loadConfig" time="0.0">
    <ignored/>
  </testcase> <!-- @BeforeSuite loadConfig -->
</testsuite> <!-- Test -->
