<?xml version="1.0" encoding="UTF-8"?>
<testng-results ignored="0" total="2" passed="2" failed="0" skipped="0">
  <reporter-output>
  </reporter-output>
  <suite started-at="2023-02-14T02:26:25 IST" name="Suite" finished-at="2023-02-14T02:27:39 IST" duration-ms="74667">
    <groups>
      <group name="smoke">
        <method signature="IndexPageTest.indexPagetest(java.lang.String,java.lang.String,java.lang.String)[pri:0, instance:com.yatra.yatrapagetest.IndexPageTest@6adbc9d]" name="indexPagetest" class="com.yatra.yatrapagetest.IndexPageTest"/>
      </group> <!-- smoke -->
    </groups>
    <test started-at="2023-02-14T02:26:25 IST" name="Test" finished-at="2023-02-14T02:27:39 IST" duration-ms="74667">
      <class name="com.yatra.yatrapagetest.IndexPageTest">
        <test-method is-config="true" signature="loadConfig()[pri:0, instance:com.yatra.yatrapagetest.IndexPageTest@6adbc9d]" started-at="2023-02-14T02:26:25 IST" name="loadConfig" finished-at="2023-02-14T02:26:25 IST" duration-ms="184" status="PASS">
          <reporter-output>
          </reporter-output>
        </test-method> <!-- loadConfig -->
        <test-method is-config="true" signature="setUp(java.lang.String)[pri:0, instance:com.yatra.yatrapagetest.IndexPageTest@6adbc9d]" started-at="2023-02-14T02:26:25 IST" name="setUp" finished-at="2023-02-14T02:26:39 IST" duration-ms="14114" status="PASS">
          <params>
            <param index="0">
              <value>
                <![CDATA[chrome]]>
              </value>
            </param>
          </params>
          <reporter-output>
          </reporter-output>
        </test-method> <!-- setUp -->
        <test-method signature="indexPagetest(java.lang.String,java.lang.String,java.lang.String)[pri:0, instance:com.yatra.yatrapagetest.IndexPageTest@6adbc9d]" started-at="2023-02-14T02:26:39 IST" name="indexPagetest" data-provider="testdata" finished-at="2023-02-14T02:26:57 IST" duration-ms="18006" status="PASS">
          <params>
            <param index="0">
              <value>
                <![CDATA[Mumbai]]>
              </value>
            </param>
            <param index="1">
              <value>
                <![CDATA[Bangalore]]>
              </value>
            </param>
            <param index="2">
              <value>
                <![CDATA[15/04/2023]]>
              </value>
            </param>
          </params>
          <reporter-output>
          </reporter-output>
        </test-method> <!-- indexPagetest -->
        <test-method is-config="true" signature="tearDown()[pri:0, instance:com.yatra.yatrapagetest.IndexPageTest@6adbc9d]" started-at="2023-02-14T02:26:57 IST" name="tearDown" finished-at="2023-02-14T02:26:58 IST" duration-ms="181" status="PASS">
          <reporter-output>
          </reporter-output>
        </test-method> <!-- tearDown -->
        <test-method is-config="true" signature="setUp(java.lang.String)[pri:0, instance:com.yatra.yatrapagetest.IndexPageTest@6adbc9d]" started-at="2023-02-14T02:26:58 IST" name="setUp" finished-at="2023-02-14T02:27:20 IST" duration-ms="22697" status="PASS">
          <params>
            <param index="0">
              <value>
                <![CDATA[chrome]]>
              </value>
            </param>
          </params>
          <reporter-output>
          </reporter-output>
        </test-method> <!-- setUp -->
        <test-method signature="indexPagetest(java.lang.String,java.lang.String,java.lang.String)[pri:0, instance:com.yatra.yatrapagetest.IndexPageTest@6adbc9d]" started-at="2023-02-14T02:27:20 IST" name="indexPagetest" data-provider="testdata" finished-at="2023-02-14T02:27:39 IST" duration-ms="18419" status="PASS">
          <params>
            <param index="0">
              <value>
                <![CDATA[london]]>
              </value>
            </param>
            <param index="1">
              <value>
                <![CDATA[sydney]]>
              </value>
            </param>
            <param index="2">
              <value>
                <![CDATA[14/05/2023]]>
              </value>
            </param>
          </params>
          <reporter-output>
          </reporter-output>
        </test-method> <!-- indexPagetest -->
        <test-method is-config="true" signature="tearDown()[pri:0, instance:com.yatra.yatrapagetest.IndexPageTest@6adbc9d]" started-at="2023-02-14T02:27:39 IST" name="tearDown" finished-at="2023-02-14T02:27:39 IST" duration-ms="750" status="PASS">
          <reporter-output>
          </reporter-output>
        </test-method> <!-- tearDown -->
        <test-method is-config="true" signature="endReport()[pri:0, instance:com.yatra.yatrapagetest.IndexPageTest@6adbc9d]" started-at="2023-02-14T02:27:40 IST" name="endReport" finished-at="2023-02-14T02:27:40 IST" duration-ms="787" status="PASS">
          <reporter-output>
          </reporter-output>
        </test-method> <!-- endReport -->
      </class> <!-- com.yatra.yatrapagetest.IndexPageTest -->
    </test> <!-- Test -->
  </suite> <!-- Suite -->
</testng-results>
